<?xml version="1.0" encoding="UTF-8" ?>
<testsuites errors="2"
            failures="1"
            tests="1">

  <testsuite name="microsoft.spec"
    errors="2" failures="1" hostname="" id="" package="microsoft.spec" skipped="1"
    tests="1" time="7.279" timestamp="">
  
    <testcase name="Search Xbox" classname="microsoft.spec" time="7.279" assertions="1">  <failure message="Testing if element &lt;btnSearch&gt; is visible in 5000ms - expected &#34;is visible&#34; but got: &#34;element could not be located&#34; (7214ms)">    at Object.Search Xbox (C:\Users\jose.pacheco\Desktop\NightwatchJS\test\microsoft.spec.js:8:31)</failure>

    
    <error message="Error while running &#34;visible&#34; command: Testing if element [0;33m&lt;btnSearch&gt;[0m is visible in 5000ms - expected [0;32m&#34;is visible&#34;[0m but got: [0;31m&#34;element could not be located&#34;[0m [0;90m(7214ms)[0m" type="error"><![CDATA[
        at Object.Search Xbox (C:\Users\jose.pacheco\Desktop\NightwatchJS\test\microsoft.spec.js:8:31)
    ]]></error>
    
    </testcase>
  

  
    <system-err>
        TypeError: searchXbox.assert.visible(...).click(...).assert.visible(...).setValue(...).useXpath.click is not a function
   - writing an ES6 async test case? - keep in mind that commands return a Promise; 
   - writing unit tests? - make sure to specify &#34;unit_tests_mode=true&#34; in your config.
       at Object.Search Xbox (C:\Users\jose.pacheco\Desktop\NightwatchJS\test\microsoft.spec.js:12:23)
       at processTicksAndRejections (internal/process/task_queues.js:95:5)
  NoSuchElementError: An error occurred while running .isVisible() command on &lt;btnSearch&gt;: 
   {&#34;sessionId&#34;:&#34;340048cbf6de545f960fe75f9091a6dd&#34;,&#34;status&#34;:0,&#34;value&#34;:[]}
       at processTicksAndRejections (internal/process/task_queues.js:95:5)
    </system-err>
  

    

  
    
    <testcase
      name="Verify information" classname="microsoft.spec">
      <skipped />
    </testcase>
    
  
  </testsuite>
</testsuites>
